<?xml version="1.0" encoding="UTF-8"?>
<!-- Generated by org.testng.reporters.JUnitReportReporter -->
<testsuite hostname="DESKTOP-0FN7HP5" failures="0" tests="1" name="com.uiassessment.UIAssessment.Locators" time="0.008" errors="0" timestamp="2023-08-31T16:07:38 IST" skipped="0">
  <testcase classname="com.uiassessment.UIAssessment.Locators" name="Registration" time="0.008"/>
</testsuite> <!-- com.uiassessment.UIAssessment.Locators -->
