<?xml version="1.0" encoding="UTF-8"?>
<!-- Generated by org.testng.reporters.JUnitReportReporter -->
<testsuite hostname="DESKTOP-0FN7HP5" failures="0" tests="5" name="com.uiassessment.Testcases.RegistrationPageTestcase" time="10.417" errors="0" timestamp="2023-09-01T02:31:32 IST" skipped="0">
  <testcase classname="com.uiassessment.Testcases.RegistrationPageTestcase" name="RegisterOnWebsite" time="5.756"/>
  <testcase classname="com.uiassessment.Testcases.RegistrationPageTestcase" name="validateLandingScreen" time="0.064"/>
  <testcase classname="com.uiassessment.Testcases.RegistrationPageTestcase" name="VerifyUserAddedtheItemtoCart" time="3.320"/>
  <testcase classname="com.uiassessment.Testcases.RegistrationPageTestcase" name="verifyUserincheckoutpage" time="1.215"/>
  <testcase classname="com.uiassessment.Testcases.RegistrationPageTestcase" name="verifyItemsintoCart" time="0.062"/>
</testsuite> <!-- com.uiassessment.Testcases.RegistrationPageTestcase -->
